<?xml version="1.0" encoding="UTF-8"?>
<testng-results skipped="0" failed="0" total="2" passed="2">
  <reporter-output>
  </reporter-output>
  <suite name="All Test Suite" duration-ms="103458" started-at="2021-01-14T20:19:00Z" finished-at="2021-01-14T20:20:43Z">
    <groups>
      <group name="cucumber">
        <method signature="AbstractTestNGCucumberTests.feature(cucumber.api.testng.CucumberFeatureWrapper)[pri:0, instance:Runner.RunCuke@62043840]" name="feature" class="cucumber.api.testng.AbstractTestNGCucumberTests"/>
      </group> <!-- cucumber -->
    </groups>
    <test name="E:/LearningMe/CucumberPageFactory" duration-ms="103458" started-at="2021-01-14T20:19:00Z" finished-at="2021-01-14T20:20:43Z">
      <class name="Runner.RunCuke">
        <test-method status="PASS" signature="setUpClass()[pri:0, instance:Runner.RunCuke@62043840]" name="setUpClass" is-config="true" duration-ms="377" started-at="2021-01-15T01:49:00Z" finished-at="2021-01-15T01:49:00Z">
          <reporter-output>
          </reporter-output>
        </test-method> <!-- setUpClass -->
        <test-method status="PASS" signature="setup()[pri:0, instance:Runner.RunCuke@62043840]" name="setup" is-config="true" duration-ms="422" started-at="2021-01-15T01:49:00Z" finished-at="2021-01-15T01:49:00Z">
          <reporter-output>
          </reporter-output>
        </test-method> <!-- setup -->
        <test-method status="PASS" signature="feature(cucumber.api.testng.CucumberFeatureWrapper)[pri:0, instance:Runner.RunCuke@62043840]" name="feature" duration-ms="57710" started-at="2021-01-15T01:49:01Z" description="Runs Cucumber Feature" data-provider="features" finished-at="2021-01-15T01:49:58Z">
          <params>
            <param index="0">
              <value>
                <![CDATA[Acceptance testing to validate Search cars page is word]]>
              </value>
            </param>
          </params>
          <reporter-output>
          </reporter-output>
        </test-method> <!-- feature -->
        <test-method status="PASS" signature="feature(cucumber.api.testng.CucumberFeatureWrapper)[pri:0, instance:Runner.RunCuke@62043840]" name="feature" duration-ms="44561" started-at="2021-01-15T01:49:58Z" description="Runs Cucumber Feature" data-provider="features" finished-at="2021-01-15T01:50:43Z">
          <params>
            <param index="0">
              <value>
                <![CDATA[Acceptance testing to validate Used Search cars page is word]]>
              </value>
            </param>
          </params>
          <reporter-output>
          </reporter-output>
        </test-method> <!-- feature -->
        <test-method status="PASS" signature="tearDownClass()[pri:0, instance:Runner.RunCuke@62043840]" name="tearDownClass" is-config="true" duration-ms="191" started-at="2021-01-15T01:50:43Z" finished-at="2021-01-15T01:50:43Z">
          <reporter-output>
          </reporter-output>
        </test-method> <!-- tearDownClass -->
      </class> <!-- Runner.RunCuke -->
    </test> <!-- E:/LearningMe/CucumberPageFactory -->
  </suite> <!-- All Test Suite -->
</testng-results>
